[2019-07-18 19:40:33] Simulation starts.
[2019-07-18 19:40:33] Simulation Parameters:
		Project Directory: /home/ialzuru/Summer2019/HuMaIN_Simulator/humain/selfie
		Workflow Definition File: /home/ialzuru/Summer2019/HuMaIN_Simulator/humain/selfie/workflows/event_date.csv
		Simulation Parameters File: /home/ialzuru/Summer2019/HuMaIN_Simulator/humain/selfie/simulations/event_date_002.csv
		Parameters per Task:
			ocr_dataset: {'dataset': 'datasets/aocr_mix100/ocr/tesseract', 'metric': 'duration', 'out_dir': 'humain/selfie/results/event_date_002/ocr_dataset'}
			reg_expr_dataset: {'fulltext_dir': 'humain/selfie/results/event_date_002/ocr_dataset', 'regexp_file': 'datasets/aocr_mix100/reg_exp/tesseract/reg_expr.tsv', 'metric': 'duration', 'output_dir': 'humain/selfie/results/event_date_002/reg_expr_dataset'}
			crowd_event_date_dataset: {'specimens': 'humain/selfie/results/event_date_002/reg_expr_dataset/rejected/rejected.tsv', 'crowd_data': 'datasets/aocr_mix100/crowd/terms/event_date.tsv', 'metric': 'duration', 'output_file': 'humain/selfie/results/event_date_002/crowd_event_date_dataset/crowd_event_date.tsv'}
			consensus_dataset: {'crowd_file': 'humain/selfie/results/event_date_002/crowd_event_date_dataset/crowd_event_date.tsv', 'consensus_file': 'datasets/aocr_mix100/consensus/accepted.tsv', 'metric': 'duration', 'output_dir': 'humain/selfie/results/event_date_002/consensus_dataset'}

[2019-07-18 19:40:33] Task ocr_dataset was sucessfully executed.
[2019-07-18 19:40:33] The output of the ocr_dataset Task has been successfully verified.
[2019-07-18 19:40:34] Task reg_expr_dataset was sucessfully executed.
[2019-07-18 19:40:34] The output of the reg_expr_dataset Task has been successfully verified.
[2019-07-18 19:40:34] Task crowd_event_date_dataset was sucessfully executed.
[2019-07-18 19:40:34] The output of the crowd_event_date_dataset Task has been successfully verified.
[2019-07-18 19:40:34] Task consensus_dataset was sucessfully executed.
[2019-07-18 19:40:34] The output of the consensus_dataset Task has been successfully verified.
[2019-07-18 19:40:35] Metric Script: /home/ialzuru/Summer2019/HuMaIN_Simulator/humain/selfie/tasks/metrics/duration_event_date.py. The script was sucessfully executed.
[2019-07-18 19:40:35] Metric Script: /home/ialzuru/Summer2019/HuMaIN_Simulator/humain/selfie/tasks/metrics/quality_event_date.py. The script was sucessfully executed.
[2019-07-18 19:40:35] Simulation finishes.
