[2019-10-27 19:27:56] Simulation starts.
[2019-10-27 19:27:56] Simulation Parameters:
		Project Directory: /home/ialzuru/Fall2019/HuMaIN_Simulator/selfie
		Workflow Definition File: /home/ialzuru/Fall2019/HuMaIN_Simulator/selfie/workflows/rb_ner.csv
		Simulation Parameters File: /home/ialzuru/Fall2019/HuMaIN_Simulator/selfie/simulations/rb_ner_comfort.xml
		Parameters per Task:
			subset: {'init_list_file': ['datasets/wedigbio/wdb_comfort.txt'], 'subset_size': ['100'], 'm_ar_task': ['freq_lists', 'ner'], 'output_file': ['selfie/results/rb_ner_comfort/selected_specimens.txt']}
			crowdsource_sim: {'specimens': ['selfie/results/rb_ner_comfort/selected_specimens.txt'], 'crowd_data': ['datasets/wedigbio/crowd/wdb_comfort.tsv'], 'metric': ['duration'], 'output_file': ['selfie/results/rb_ner_comfort/crowdsource_sim/recorded_by.tsv']}
			consensus_sim: {'crowd_file': ['selfie/results/rb_ner_comfort/crowdsource_sim/recorded_by.tsv'], 'consensus_dir': ['datasets/wedigbio/consensus/wdb_comfort'], 'metric': ['duration'], 'output_dir': ['selfie/results/rb_ner_comfort/consensus_sim']}
			learning: {'accepted_file': ['selfie/results/rb_ner_comfort/consensus_sim/accepted/accepted.tsv'], 'training_data_dir': ['datasets/wedigbio/trn_data_spacy_format/wdb_comfort'], 'term': ['RECORDEDBY'], 'iterations': ['50'], 'output_dir': ['selfie/results/rb_ner_comfort/learning']}
			ner: {'input_file': ['selfie/results/rb_ner_comfort/remaining_specimens.txt'], 'data_dir': ['datasets/wedigbio/trn_data_spacy_format/wdb_comfort'], 'model_dir': ['selfie/results/rb_ner_comfort/learning/model'], 'term': ['RECORDEDBY'], 'output_file': ['selfie/results/rb_ner_comfort/ner/ner.tsv']}
			freq_lists: {'input_file': ['selfie/results/rb_ner_comfort/ner/ner.tsv'], 'local_dict_file': ['selfie/results/rb_ner_comfort/learning/dictionary.tsv'], 'global_dict_file': ['datasets/idigbio/freq_table/recordedBy.tsv'], 'output_dir': ['selfie/results/rb_ner_comfort/freq_lists']}

[2019-10-27 19:27:56] STARTS ITERATION 1:
[2019-10-27 19:27:56] Task subset was successfully executed.
[2019-10-27 19:27:57] Task crowdsource_sim was successfully executed.
[2019-10-27 19:27:58] Task consensus_sim was successfully executed.
[2019-10-27 19:28:23] Task learning was successfully executed.
[2019-10-27 19:30:19] Task ner was successfully executed.
[2019-10-27 19:33:33] Task freq_lists was successfully executed.
[2019-10-27 19:33:33] The script /home/ialzuru/Fall2019/HuMaIN_Simulator/humain/metrics/quality_measure.py was sucessfully executed.
[2019-10-27 19:33:34] The script /home/ialzuru/Fall2019/HuMaIN_Simulator/humain/post-processing/basic_stats.py was sucessfully executed.
[2019-10-27 19:33:34] ENDS ITERATION 1.

[2019-10-27 19:33:34] STARTS ITERATION 2:
[2019-10-27 19:33:34] Task subset was successfully executed.
[2019-10-27 19:33:35] Task crowdsource_sim was successfully executed.
[2019-10-27 19:33:35] Task consensus_sim was successfully executed.
[2019-10-27 19:34:01] Task learning was successfully executed.
[2019-10-27 19:34:14] Task ner was successfully executed.
[2019-10-27 19:37:28] Task freq_lists was successfully executed.
[2019-10-27 19:37:28] The script /home/ialzuru/Fall2019/HuMaIN_Simulator/humain/metrics/quality_measure.py was sucessfully executed.
[2019-10-27 19:37:29] The script /home/ialzuru/Fall2019/HuMaIN_Simulator/humain/post-processing/basic_stats.py was sucessfully executed.
[2019-10-27 19:37:29] ENDS ITERATION 2.

[2019-10-27 19:37:29] STARTS ITERATION 3:
[2019-10-27 19:37:29] Task subset was successfully executed.
[2019-10-27 19:37:30] Task crowdsource_sim was successfully executed.
[2019-10-27 19:37:30] Task consensus_sim was successfully executed.
[2019-10-27 19:37:53] Task learning was successfully executed.
[2019-10-27 19:37:58] Task ner was successfully executed.
[2019-10-27 19:41:08] Task freq_lists was successfully executed.
[2019-10-27 19:41:08] The script /home/ialzuru/Fall2019/HuMaIN_Simulator/humain/metrics/quality_measure.py was sucessfully executed.
[2019-10-27 19:41:09] The script /home/ialzuru/Fall2019/HuMaIN_Simulator/humain/post-processing/basic_stats.py was sucessfully executed.
[2019-10-27 19:41:09] ENDS ITERATION 3.

[2019-10-27 19:41:09] STARTS ITERATION 4:
[2019-10-27 19:41:09] Task subset was successfully executed.
[2019-10-27 19:41:10] Task crowdsource_sim was successfully executed.
[2019-10-27 19:41:10] Task consensus_sim was successfully executed.
[2019-10-27 19:41:29] Task learning was successfully executed.
[2019-10-27 19:41:31] Task ner was successfully executed.
[2019-10-27 19:44:41] Task freq_lists was successfully executed.
[2019-10-27 19:44:41] The script /home/ialzuru/Fall2019/HuMaIN_Simulator/humain/metrics/quality_measure.py was sucessfully executed.
[2019-10-27 19:44:42] The script /home/ialzuru/Fall2019/HuMaIN_Simulator/humain/post-processing/basic_stats.py was sucessfully executed.
[2019-10-27 19:44:42] ENDS ITERATION 4.

[2019-10-27 19:44:42] STARTS ITERATION 5:
[2019-10-27 19:44:42] Simulation finishes.
